<?xml version="1.0" encoding="UTF-8"?>
<!-- Generated by org.testng.reporters.JUnitReportReporter -->
<testsuite skipped="3" hostname="LAPTOP-DR1UCT03" name="WebServicesTestingExam" tests="4" failures="0" timestamp="08 Apr 2018 03:11:32 GMT" time="1.902" errors="0">
  <testcase name="test4" time="1.902" classname="WebServicesTestingExam"/>
  <testcase name="Test1" classname="WebServicesTestingExam">
    <skipped/>
  </testcase> <!-- Test1 -->
  <testcase name="Test3_and_5" classname="WebServicesTestingExam">
    <skipped/>
  </testcase> <!-- Test3_and_5 -->
  <testcase name="Test2" classname="WebServicesTestingExam">
    <skipped/>
  </testcase> <!-- Test2 -->
</testsuite> <!-- WebServicesTestingExam -->
